GAS LISTING negsf2.s 			page 1


   1              	;*********************************************
   2              	;*	Copyright (C), 1996-2001 SEIKO EPSON Corp.
   3              	;*		ALL RIGHTS RESERVED
   4              	;*
   5              	;*	filename : negsf2.s
   6              	;*
   7              	;*	Single floating point negate function
   8              	;*		input: %r6
   9              	;*		output: %r4
  10              	;*
  11              	;*	Begin		1996/09/12	V. Chan
  12              	;*  変更		2001/01/15  O.Hinokuchi
  13              	;*  			 ・レジスタ置換
  14              	;*	gas対応		2001/10/15	watanabe
  15              	;*
  16              	;*********************************************
  17              	
  18              	.section .text
  19              	.align 1
  20              	.global __negsf2
  21              	
  22              	;==============================================
  23              	;＜レジスタ説明＞
  24              	;	%r4:戻り値(floart)
  25              	;	%r6:引数１(floart)
  26              	;==============================================
  27              	
  28              	__negsf2:
  29              	
  30              		; flip the MSB of %r6 and put result in %r4
  31 0000 642E     		ld.w	%r4,%r6					;戻り値(4) <- 引数１(6)
  32 0002 00D000C0 		xxor	%r4, 0x80000000			;戻り値(4) <- 戻り値(4) | 0x80000000
  32      0478
  33              	
  34 0008 4006     		ret
